{"D:/Apps/Viktor/matrix_szorzo_v2/src/core/context.ts": {"path":"D:/Apps/Viktor/matrix_szorzo_v2/src/core/context.ts","statementMap":{"0":{"start":{"line":10,"column":8},"end":{"line":10,"column":null}},"1":{"start":{"line":11,"column":8},"end":{"line":11,"column":null}},"2":{"start":{"line":12,"column":8},"end":{"line":12,"column":null}},"3":{"start":{"line":16,"column":8},"end":{"line":16,"column":null}},"4":{"start":{"line":20,"column":8},"end":{"line":20,"column":null}},"5":{"start":{"line":24,"column":8},"end":{"line":24,"column":null}},"6":{"start":{"line":28,"column":8},"end":{"line":28,"column":null}},"7":{"start":{"line":32,"column":8},"end":{"line":32,"column":null}}},"fnMap":{"0":{"name":"(anonymous_0)","decl":{"start":{"line":9,"column":4},"end":{"line":9,"column":16}},"loc":{"start":{"line":9,"column":52},"end":{"line":13,"column":null}}},"1":{"name":"(anonymous_1)","decl":{"start":{"line":15,"column":4},"end":{"line":15,"column":10}},"loc":{"start":{"line":15,"column":39},"end":{"line":17,"column":null}}},"2":{"name":"(anonymous_2)","decl":{"start":{"line":19,"column":11},"end":{"line":19,"column":27}},"loc":{"start":{"line":19,"column":48},"end":{"line":21,"column":null}}},"3":{"name":"(anonymous_3)","decl":{"start":{"line":23,"column":11},"end":{"line":23,"column":30}},"loc":{"start":{"line":23,"column":30},"end":{"line":25,"column":null}}},"4":{"name":"(anonymous_4)","decl":{"start":{"line":27,"column":11},"end":{"line":27,"column":30}},"loc":{"start":{"line":27,"column":30},"end":{"line":29,"column":null}}},"5":{"name":"(anonymous_5)","decl":{"start":{"line":31,"column":11},"end":{"line":31,"column":29}},"loc":{"start":{"line":31,"column":29},"end":{"line":33,"column":null}}}},"branchMap":{},"s":{"0":12,"1":12,"2":12,"3":7,"4":4,"5":3,"6":3,"7":4},"f":{"0":12,"1":7,"2":4,"3":3,"4":3,"5":4},"b":{}}
,"D:/Apps/Viktor/matrix_szorzo_v2/src/core/inputValidate.ts": {"path":"D:/Apps/Viktor/matrix_szorzo_v2/src/core/inputValidate.ts","statementMap":{"0":{"start":{"line":2,"column":16},"end":{"line":2,"column":null}},"1":{"start":{"line":3,"column":4},"end":{"line":14,"column":null}},"2":{"start":{"line":4,"column":8},"end":{"line":4,"column":null}},"3":{"start":{"line":5,"column":8},"end":{"line":5,"column":null}},"4":{"start":{"line":6,"column":4},"end":{"line":14,"column":null}},"5":{"start":{"line":7,"column":8},"end":{"line":7,"column":null}},"6":{"start":{"line":8,"column":8},"end":{"line":8,"column":null}},"7":{"start":{"line":9,"column":4},"end":{"line":14,"column":null}},"8":{"start":{"line":10,"column":8},"end":{"line":10,"column":null}},"9":{"start":{"line":11,"column":8},"end":{"line":11,"column":null}},"10":{"start":{"line":13,"column":8},"end":{"line":13,"column":null}},"11":{"start":{"line":18,"column":22},"end":{"line":18,"column":null}},"12":{"start":{"line":19,"column":4},"end":{"line":27,"column":null}},"13":{"start":{"line":20,"column":8},"end":{"line":20,"column":null}},"14":{"start":{"line":21,"column":8},"end":{"line":21,"column":null}},"15":{"start":{"line":22,"column":4},"end":{"line":27,"column":null}},"16":{"start":{"line":23,"column":8},"end":{"line":23,"column":null}},"17":{"start":{"line":24,"column":8},"end":{"line":24,"column":null}},"18":{"start":{"line":26,"column":8},"end":{"line":26,"column":null}},"19":{"start":{"line":31,"column":22},"end":{"line":31,"column":null}},"20":{"start":{"line":32,"column":4},"end":{"line":40,"column":null}},"21":{"start":{"line":33,"column":8},"end":{"line":33,"column":null}},"22":{"start":{"line":34,"column":8},"end":{"line":34,"column":null}},"23":{"start":{"line":35,"column":4},"end":{"line":40,"column":null}},"24":{"start":{"line":36,"column":8},"end":{"line":36,"column":null}},"25":{"start":{"line":37,"column":8},"end":{"line":37,"column":null}},"26":{"start":{"line":39,"column":8},"end":{"line":39,"column":null}},"27":{"start":{"line":44,"column":16},"end":{"line":44,"column":null}},"28":{"start":{"line":45,"column":4},"end":{"line":53,"column":null}},"29":{"start":{"line":46,"column":8},"end":{"line":46,"column":null}},"30":{"start":{"line":47,"column":8},"end":{"line":47,"column":null}},"31":{"start":{"line":48,"column":4},"end":{"line":53,"column":null}},"32":{"start":{"line":49,"column":8},"end":{"line":49,"column":null}},"33":{"start":{"line":50,"column":8},"end":{"line":50,"column":null}},"34":{"start":{"line":52,"column":8},"end":{"line":52,"column":null}}},"fnMap":{"0":{"name":"validateAsNaturalNumber","decl":{"start":{"line":1,"column":16},"end":{"line":1,"column":40}},"loc":{"start":{"line":1,"column":64},"end":{"line":15,"column":null}}},"1":{"name":"validateAsAOrMOrKLetter","decl":{"start":{"line":17,"column":16},"end":{"line":17,"column":40}},"loc":{"start":{"line":17,"column":64},"end":{"line":28,"column":null}}},"2":{"name":"validateAsIOrNLetter","decl":{"start":{"line":30,"column":16},"end":{"line":30,"column":37}},"loc":{"start":{"line":30,"column":61},"end":{"line":41,"column":null}}},"3":{"name":"validateAsWholeNumber","decl":{"start":{"line":43,"column":16},"end":{"line":43,"column":38}},"loc":{"start":{"line":43,"column":62},"end":{"line":54,"column":null}}}},"branchMap":{"0":{"loc":{"start":{"line":3,"column":4},"end":{"line":14,"column":null}},"type":"if","locations":[{"start":{"line":3,"column":4},"end":{"line":14,"column":null}},{"start":{"line":6,"column":4},"end":{"line":14,"column":null}}]},"1":{"loc":{"start":{"line":6,"column":4},"end":{"line":14,"column":null}},"type":"if","locations":[{"start":{"line":6,"column":4},"end":{"line":14,"column":null}},{"start":{"line":9,"column":4},"end":{"line":14,"column":null}}]},"2":{"loc":{"start":{"line":9,"column":4},"end":{"line":14,"column":null}},"type":"if","locations":[{"start":{"line":9,"column":4},"end":{"line":14,"column":null}},{"start":{"line":12,"column":11},"end":{"line":14,"column":null}}]},"3":{"loc":{"start":{"line":19,"column":4},"end":{"line":27,"column":null}},"type":"if","locations":[{"start":{"line":19,"column":4},"end":{"line":27,"column":null}},{"start":{"line":22,"column":4},"end":{"line":27,"column":null}}]},"4":{"loc":{"start":{"line":22,"column":4},"end":{"line":27,"column":null}},"type":"if","locations":[{"start":{"line":22,"column":4},"end":{"line":27,"column":null}},{"start":{"line":25,"column":11},"end":{"line":27,"column":null}}]},"5":{"loc":{"start":{"line":22,"column":17},"end":{"line":22,"column":79}},"type":"binary-expr","locations":[{"start":{"line":22,"column":17},"end":{"line":22,"column":38}},{"start":{"line":22,"column":38},"end":{"line":22,"column":59}},{"start":{"line":22,"column":59},"end":{"line":22,"column":79}}]},"6":{"loc":{"start":{"line":32,"column":4},"end":{"line":40,"column":null}},"type":"if","locations":[{"start":{"line":32,"column":4},"end":{"line":40,"column":null}},{"start":{"line":35,"column":4},"end":{"line":40,"column":null}}]},"7":{"loc":{"start":{"line":35,"column":4},"end":{"line":40,"column":null}},"type":"if","locations":[{"start":{"line":35,"column":4},"end":{"line":40,"column":null}},{"start":{"line":38,"column":11},"end":{"line":40,"column":null}}]},"8":{"loc":{"start":{"line":35,"column":17},"end":{"line":35,"column":58}},"type":"binary-expr","locations":[{"start":{"line":35,"column":17},"end":{"line":35,"column":38}},{"start":{"line":35,"column":38},"end":{"line":35,"column":58}}]},"9":{"loc":{"start":{"line":45,"column":4},"end":{"line":53,"column":null}},"type":"if","locations":[{"start":{"line":45,"column":4},"end":{"line":53,"column":null}},{"start":{"line":48,"column":4},"end":{"line":53,"column":null}}]},"10":{"loc":{"start":{"line":48,"column":4},"end":{"line":53,"column":null}},"type":"if","locations":[{"start":{"line":48,"column":4},"end":{"line":53,"column":null}},{"start":{"line":51,"column":11},"end":{"line":53,"column":null}}]}},"s":{"0":41,"1":41,"2":8,"3":8,"4":33,"5":1,"6":1,"7":32,"8":9,"9":9,"10":23,"11":18,"12":18,"13":1,"14":1,"15":17,"16":4,"17":4,"18":13,"19":6,"20":6,"21":1,"22":1,"23":5,"24":1,"25":1,"26":4,"27":57,"28":57,"29":1,"30":1,"31":56,"32":7,"33":7,"34":49},"f":{"0":41,"1":18,"2":6,"3":57},"b":{"0":[8,33],"1":[1,32],"2":[9,23],"3":[1,17],"4":[4,13],"5":[17,13,9],"6":[1,5],"7":[1,4],"8":[5,3],"9":[1,56],"10":[7,49]}}
,"D:/Apps/Viktor/matrix_szorzo_v2/src/core/matrix.ts": {"path":"D:/Apps/Viktor/matrix_szorzo_v2/src/core/matrix.ts","statementMap":{"0":{"start":{"line":7,"column":8},"end":{"line":7,"column":null}},"1":{"start":{"line":8,"column":8},"end":{"line":8,"column":null}},"2":{"start":{"line":9,"column":8},"end":{"line":9,"column":null}},"3":{"start":{"line":13,"column":8},"end":{"line":13,"column":null}},"4":{"start":{"line":17,"column":8},"end":{"line":17,"column":null}},"5":{"start":{"line":21,"column":8},"end":{"line":21,"column":null}},"6":{"start":{"line":25,"column":8},"end":{"line":25,"column":null}},"7":{"start":{"line":29,"column":8},"end":{"line":29,"column":null}},"8":{"start":{"line":29,"column":68},"end":{"line":29,"column":70}},"9":{"start":{"line":33,"column":8},"end":{"line":33,"column":null}},"10":{"start":{"line":37,"column":8},"end":{"line":53,"column":null}},"11":{"start":{"line":37,"column":21},"end":{"line":37,"column":24}},"12":{"start":{"line":38,"column":33},"end":{"line":38,"column":null}},"13":{"start":{"line":39,"column":39},"end":{"line":39,"column":null}},"14":{"start":{"line":40,"column":12},"end":{"line":43,"column":null}},"15":{"start":{"line":40,"column":25},"end":{"line":40,"column":28}},"16":{"start":{"line":41,"column":16},"end":{"line":41,"column":null}},"17":{"start":{"line":42,"column":16},"end":{"line":42,"column":null}},"18":{"start":{"line":44,"column":12},"end":{"line":44,"column":null}},"19":{"start":{"line":45,"column":12},"end":{"line":45,"column":null}},"20":{"start":{"line":46,"column":12},"end":{"line":46,"column":null}},"21":{"start":{"line":47,"column":12},"end":{"line":49,"column":null}},"22":{"start":{"line":47,"column":25},"end":{"line":47,"column":28}},"23":{"start":{"line":48,"column":16},"end":{"line":48,"column":null}},"24":{"start":{"line":50,"column":12},"end":{"line":50,"column":null}},"25":{"start":{"line":51,"column":12},"end":{"line":51,"column":null}},"26":{"start":{"line":57,"column":8},"end":{"line":57,"column":null}},"27":{"start":{"line":58,"column":8},"end":{"line":58,"column":null}},"28":{"start":{"line":59,"column":8},"end":{"line":59,"column":null}},"29":{"start":{"line":60,"column":8},"end":{"line":64,"column":null}},"30":{"start":{"line":60,"column":21},"end":{"line":60,"column":24}},"31":{"start":{"line":61,"column":12},"end":{"line":63,"column":null}},"32":{"start":{"line":61,"column":25},"end":{"line":61,"column":28}},"33":{"start":{"line":62,"column":16},"end":{"line":62,"column":null}}},"fnMap":{"0":{"name":"(anonymous_0)","decl":{"start":{"line":6,"column":4},"end":{"line":6,"column":18}},"loc":{"start":{"line":6,"column":18},"end":{"line":10,"column":null}}},"1":{"name":"(anonymous_1)","decl":{"start":{"line":12,"column":11},"end":{"line":12,"column":27}},"loc":{"start":{"line":12,"column":27},"end":{"line":14,"column":null}}},"2":{"name":"(anonymous_2)","decl":{"start":{"line":16,"column":11},"end":{"line":16,"column":26}},"loc":{"start":{"line":16,"column":26},"end":{"line":18,"column":null}}},"3":{"name":"(anonymous_3)","decl":{"start":{"line":20,"column":11},"end":{"line":20,"column":29}},"loc":{"start":{"line":20,"column":29},"end":{"line":22,"column":null}}},"4":{"name":"(anonymous_4)","decl":{"start":{"line":24,"column":11},"end":{"line":24,"column":18}},"loc":{"start":{"line":24,"column":31},"end":{"line":26,"column":null}}},"5":{"name":"(anonymous_5)","decl":{"start":{"line":28,"column":11},"end":{"line":28,"column":21}},"loc":{"start":{"line":28,"column":21},"end":{"line":30,"column":null}}},"6":{"name":"(anonymous_6)","decl":{"start":{"line":29,"column":62},"end":{"line":29,"column":68}},"loc":{"start":{"line":29,"column":68},"end":{"line":29,"column":70}}},"7":{"name":"(anonymous_7)","decl":{"start":{"line":32,"column":11},"end":{"line":32,"column":21}},"loc":{"start":{"line":32,"column":37},"end":{"line":34,"column":null}}},"8":{"name":"(anonymous_8)","decl":{"start":{"line":36,"column":11},"end":{"line":36,"column":22}},"loc":{"start":{"line":36,"column":22},"end":{"line":54,"column":null}}},"9":{"name":"(anonymous_9)","decl":{"start":{"line":56,"column":4},"end":{"line":56,"column":25}},"loc":{"start":{"line":56,"column":25},"end":{"line":65,"column":null}}}},"branchMap":{},"s":{"0":14,"1":14,"2":14,"3":20,"4":20,"5":26,"6":5,"7":6,"8":17,"9":5,"10":5,"11":5,"12":10,"13":10,"14":10,"15":10,"16":22,"17":22,"18":10,"19":10,"20":10,"21":10,"22":10,"23":22,"24":10,"25":10,"26":1,"27":1,"28":1,"29":1,"30":1,"31":7,"32":7,"33":28},"f":{"0":14,"1":20,"2":20,"3":26,"4":5,"5":6,"6":17,"7":5,"8":5,"9":1},"b":{}}
,"D:/Apps/Viktor/matrix_szorzo_v2/src/core/terminalReader.ts": {"path":"D:/Apps/Viktor/matrix_szorzo_v2/src/core/terminalReader.ts","statementMap":{"0":{"start":{"line":5,"column":4},"end":{"line":8,"column":null}},"1":{"start":{"line":11,"column":8},"end":{"line":11,"column":null}},"2":{"start":{"line":15,"column":8},"end":{"line":15,"column":null}}},"fnMap":{"0":{"name":"(anonymous_0)","decl":{"start":{"line":4,"column":7},"end":{"line":4,"column":13}},"loc":{"start":{"line":4,"column":7},"end":{"line":8,"column":null}}},"1":{"name":"(anonymous_1)","decl":{"start":{"line":10,"column":4},"end":{"line":10,"column":10}},"loc":{"start":{"line":10,"column":57},"end":{"line":12,"column":null}}},"2":{"name":"(anonymous_2)","decl":{"start":{"line":14,"column":4},"end":{"line":14,"column":16}},"loc":{"start":{"line":14,"column":29},"end":{"line":16,"column":null}}}},"branchMap":{},"s":{"0":3,"1":1,"2":1},"f":{"0":3,"1":1,"2":1},"b":{}}
,"D:/Apps/Viktor/matrix_szorzo_v2/src/states/automateMatrixA.state.ts": {"path":"D:/Apps/Viktor/matrix_szorzo_v2/src/states/automateMatrixA.state.ts","statementMap":{"0":{"start":{"line":6,"column":19},"end":{"line":6,"column":null}},"1":{"start":{"line":13,"column":8},"end":{"line":13,"column":null}},"2":{"start":{"line":14,"column":8},"end":{"line":14,"column":null}},"3":{"start":{"line":18,"column":8},"end":{"line":18,"column":null}},"4":{"start":{"line":19,"column":8},"end":{"line":19,"column":null}},"5":{"start":{"line":20,"column":8},"end":{"line":20,"column":null}},"6":{"start":{"line":21,"column":8},"end":{"line":21,"column":null}}},"fnMap":{"0":{"name":"(anonymous_0)","decl":{"start":{"line":12,"column":4},"end":{"line":12,"column":16}},"loc":{"start":{"line":12,"column":66},"end":{"line":15,"column":null}}},"1":{"name":"(anonymous_1)","decl":{"start":{"line":17,"column":4},"end":{"line":17,"column":10}},"loc":{"start":{"line":17,"column":39},"end":{"line":22,"column":null}}}},"branchMap":{},"s":{"0":9,"1":5,"2":5,"3":1,"4":1,"5":1,"6":1},"f":{"0":5,"1":1},"b":{}}
,"D:/Apps/Viktor/matrix_szorzo_v2/src/states/automateMatrixB.state.ts": {"path":"D:/Apps/Viktor/matrix_szorzo_v2/src/states/automateMatrixB.state.ts","statementMap":{"0":{"start":{"line":6,"column":19},"end":{"line":6,"column":null}},"1":{"start":{"line":13,"column":8},"end":{"line":13,"column":null}},"2":{"start":{"line":14,"column":8},"end":{"line":14,"column":null}},"3":{"start":{"line":18,"column":8},"end":{"line":18,"column":null}},"4":{"start":{"line":19,"column":8},"end":{"line":21,"column":null}},"5":{"start":{"line":20,"column":12},"end":{"line":20,"column":null}},"6":{"start":{"line":22,"column":8},"end":{"line":22,"column":null}},"7":{"start":{"line":23,"column":8},"end":{"line":23,"column":null}}},"fnMap":{"0":{"name":"(anonymous_0)","decl":{"start":{"line":12,"column":4},"end":{"line":12,"column":16}},"loc":{"start":{"line":12,"column":66},"end":{"line":15,"column":null}}},"1":{"name":"(anonymous_1)","decl":{"start":{"line":17,"column":4},"end":{"line":17,"column":10}},"loc":{"start":{"line":17,"column":39},"end":{"line":24,"column":null}}}},"branchMap":{},"s":{"0":9,"1":4,"2":4,"3":1,"4":1,"5":1,"6":1,"7":1},"f":{"0":4,"1":1},"b":{}}
,"D:/Apps/Viktor/matrix_szorzo_v2/src/states/end.state.ts": {"path":"D:/Apps/Viktor/matrix_szorzo_v2/src/states/end.state.ts","statementMap":{"0":{"start":{"line":10,"column":8},"end":{"line":10,"column":null}},"1":{"start":{"line":11,"column":8},"end":{"line":11,"column":null}},"2":{"start":{"line":15,"column":8},"end":{"line":15,"column":null}},"3":{"start":{"line":16,"column":8},"end":{"line":16,"column":null}},"4":{"start":{"line":17,"column":8},"end":{"line":17,"column":null}}},"fnMap":{"0":{"name":"(anonymous_0)","decl":{"start":{"line":9,"column":4},"end":{"line":9,"column":16}},"loc":{"start":{"line":9,"column":66},"end":{"line":12,"column":null}}},"1":{"name":"(anonymous_1)","decl":{"start":{"line":14,"column":4},"end":{"line":14,"column":10}},"loc":{"start":{"line":14,"column":39},"end":{"line":18,"column":null}}}},"branchMap":{},"s":{"0":8,"1":8,"2":3,"3":3,"4":3},"f":{"0":8,"1":3},"b":{}}
,"D:/Apps/Viktor/matrix_szorzo_v2/src/states/mode.state.ts": {"path":"D:/Apps/Viktor/matrix_szorzo_v2/src/states/mode.state.ts","statementMap":{"0":{"start":{"line":9,"column":24},"end":{"line":9,"column":null}},"1":{"start":{"line":10,"column":26},"end":{"line":10,"column":null}},"2":{"start":{"line":11,"column":24},"end":{"line":11,"column":null}},"3":{"start":{"line":12,"column":24},"end":{"line":12,"column":null}},"4":{"start":{"line":13,"column":31},"end":{"line":13,"column":null}},"5":{"start":{"line":20,"column":8},"end":{"line":20,"column":null}},"6":{"start":{"line":21,"column":8},"end":{"line":21,"column":null}},"7":{"start":{"line":25,"column":8},"end":{"line":25,"column":null}},"8":{"start":{"line":26,"column":8},"end":{"line":26,"column":null}},"9":{"start":{"line":27,"column":8},"end":{"line":27,"column":null}},"10":{"start":{"line":28,"column":8},"end":{"line":28,"column":null}},"11":{"start":{"line":29,"column":26},"end":{"line":29,"column":null}},"12":{"start":{"line":30,"column":8},"end":{"line":32,"column":null}},"13":{"start":{"line":31,"column":12},"end":{"line":31,"column":null}},"14":{"start":{"line":33,"column":8},"end":{"line":41,"column":null}},"15":{"start":{"line":34,"column":12},"end":{"line":34,"column":null}},"16":{"start":{"line":35,"column":8},"end":{"line":41,"column":null}},"17":{"start":{"line":37,"column":12},"end":{"line":37,"column":null}},"18":{"start":{"line":38,"column":8},"end":{"line":41,"column":null}},"19":{"start":{"line":40,"column":12},"end":{"line":40,"column":null}}},"fnMap":{"0":{"name":"(anonymous_0)","decl":{"start":{"line":19,"column":4},"end":{"line":19,"column":16}},"loc":{"start":{"line":19,"column":65},"end":{"line":22,"column":null}}},"1":{"name":"(anonymous_1)","decl":{"start":{"line":24,"column":4},"end":{"line":24,"column":10}},"loc":{"start":{"line":24,"column":39},"end":{"line":42,"column":null}}}},"branchMap":{"0":{"loc":{"start":{"line":33,"column":8},"end":{"line":41,"column":null}},"type":"if","locations":[{"start":{"line":33,"column":8},"end":{"line":41,"column":null}},{"start":{"line":35,"column":8},"end":{"line":41,"column":null}}]},"1":{"loc":{"start":{"line":35,"column":8},"end":{"line":41,"column":null}},"type":"if","locations":[{"start":{"line":35,"column":8},"end":{"line":41,"column":null}},{"start":{"line":38,"column":8},"end":{"line":41,"column":null}}]},"2":{"loc":{"start":{"line":38,"column":8},"end":{"line":41,"column":null}},"type":"if","locations":[{"start":{"line":38,"column":8},"end":{"line":41,"column":null}},{"start":{},"end":{}}]}},"s":{"0":9,"1":9,"2":9,"3":9,"4":9,"5":16,"6":16,"7":7,"8":7,"9":7,"10":7,"11":7,"12":7,"13":3,"14":7,"15":2,"16":5,"17":2,"18":3,"19":3},"f":{"0":16,"1":7},"b":{"0":[2,5],"1":[2,3],"2":[3,0]}}
,"D:/Apps/Viktor/matrix_szorzo_v2/src/states/multiplyTheMatrices.state.ts": {"path":"D:/Apps/Viktor/matrix_szorzo_v2/src/states/multiplyTheMatrices.state.ts","statementMap":{"0":{"start":{"line":8,"column":12},"end":{"line":8,"column":null}},"1":{"start":{"line":16,"column":8},"end":{"line":16,"column":null}},"2":{"start":{"line":17,"column":8},"end":{"line":17,"column":null}},"3":{"start":{"line":18,"column":8},"end":{"line":18,"column":null}},"4":{"start":{"line":22,"column":8},"end":{"line":22,"column":null}},"5":{"start":{"line":23,"column":8},"end":{"line":23,"column":null}},"6":{"start":{"line":24,"column":8},"end":{"line":24,"column":null}},"7":{"start":{"line":26,"column":8},"end":{"line":52,"column":null}},"8":{"start":{"line":26,"column":21},"end":{"line":26,"column":24}},"9":{"start":{"line":27,"column":12},"end":{"line":51,"column":null}},"10":{"start":{"line":27,"column":25},"end":{"line":27,"column":28}},"11":{"start":{"line":28,"column":34},"end":{"line":28,"column":null}},"12":{"start":{"line":29,"column":41},"end":{"line":29,"column":null}},"13":{"start":{"line":30,"column":16},"end":{"line":44,"column":null}},"14":{"start":{"line":30,"column":29},"end":{"line":30,"column":32}},"15":{"start":{"line":31,"column":20},"end":{"line":31,"column":null}},"16":{"start":{"line":32,"column":20},"end":{"line":43,"column":null}},"17":{"start":{"line":33,"column":43},"end":{"line":33,"column":null}},"18":{"start":{"line":34,"column":24},"end":{"line":34,"column":null}},"19":{"start":{"line":35,"column":24},"end":{"line":41,"column":null}},"20":{"start":{"line":36,"column":28},"end":{"line":36,"column":null}},"21":{"start":{"line":37,"column":28},"end":{"line":37,"column":null}},"22":{"start":{"line":40,"column":28},"end":{"line":40,"column":null}},"23":{"start":{"line":42,"column":24},"end":{"line":42,"column":null}},"24":{"start":{"line":45,"column":16},"end":{"line":49,"column":null}},"25":{"start":{"line":46,"column":20},"end":{"line":46,"column":null}},"26":{"start":{"line":47,"column":20},"end":{"line":47,"column":null}},"27":{"start":{"line":48,"column":20},"end":{"line":48,"column":null}},"28":{"start":{"line":50,"column":16},"end":{"line":50,"column":null}},"29":{"start":{"line":54,"column":8},"end":{"line":54,"column":null}},"30":{"start":{"line":55,"column":8},"end":{"line":55,"column":null}},"31":{"start":{"line":57,"column":8},"end":{"line":57,"column":null}}},"fnMap":{"0":{"name":"(anonymous_0)","decl":{"start":{"line":15,"column":4},"end":{"line":15,"column":16}},"loc":{"start":{"line":15,"column":66},"end":{"line":19,"column":null}}},"1":{"name":"(anonymous_1)","decl":{"start":{"line":21,"column":4},"end":{"line":21,"column":10}},"loc":{"start":{"line":21,"column":39},"end":{"line":58,"column":null}}}},"branchMap":{"0":{"loc":{"start":{"line":32,"column":20},"end":{"line":43,"column":null}},"type":"if","locations":[{"start":{"line":32,"column":20},"end":{"line":43,"column":null}},{"start":{},"end":{}}]},"1":{"loc":{"start":{"line":35,"column":24},"end":{"line":41,"column":null}},"type":"if","locations":[{"start":{"line":35,"column":24},"end":{"line":41,"column":null}},{"start":{"line":39,"column":29},"end":{"line":41,"column":null}}]},"2":{"loc":{"start":{"line":45,"column":16},"end":{"line":49,"column":null}},"type":"if","locations":[{"start":{"line":45,"column":16},"end":{"line":49,"column":null}},{"start":{},"end":{}}]}},"s":{"0":9,"1":11,"2":11,"3":11,"4":4,"5":4,"6":4,"7":4,"8":4,"9":8,"10":8,"11":16,"12":16,"13":16,"14":16,"15":32,"16":32,"17":8,"18":8,"19":8,"20":4,"21":4,"22":4,"23":8,"24":16,"25":4,"26":4,"27":4,"28":16,"29":4,"30":4,"31":4},"f":{"0":11,"1":4},"b":{"0":[8,24],"1":[4,4],"2":[4,12]}}
,"D:/Apps/Viktor/matrix_szorzo_v2/src/states/start.state.ts": {"path":"D:/Apps/Viktor/matrix_szorzo_v2/src/states/start.state.ts","statementMap":{"0":{"start":{"line":6,"column":25},"end":{"line":6,"column":null}},"1":{"start":{"line":13,"column":8},"end":{"line":13,"column":null}},"2":{"start":{"line":14,"column":8},"end":{"line":14,"column":null}},"3":{"start":{"line":18,"column":8},"end":{"line":18,"column":null}},"4":{"start":{"line":19,"column":8},"end":{"line":19,"column":null}}},"fnMap":{"0":{"name":"(anonymous_0)","decl":{"start":{"line":12,"column":4},"end":{"line":12,"column":16}},"loc":{"start":{"line":12,"column":65},"end":{"line":15,"column":null}}},"1":{"name":"(anonymous_1)","decl":{"start":{"line":17,"column":4},"end":{"line":17,"column":10}},"loc":{"start":{"line":17,"column":39},"end":{"line":20,"column":null}}}},"branchMap":{},"s":{"0":1,"1":2,"2":2,"3":2,"4":2},"f":{"0":2,"1":2},"b":{}}
,"D:/Apps/Viktor/matrix_szorzo_v2/src/states/userMatrixADataInput.state.ts": {"path":"D:/Apps/Viktor/matrix_szorzo_v2/src/states/userMatrixADataInput.state.ts","statementMap":{"0":{"start":{"line":12,"column":8},"end":{"line":12,"column":null}},"1":{"start":{"line":13,"column":8},"end":{"line":13,"column":null}},"2":{"start":{"line":17,"column":8},"end":{"line":25,"column":null}},"3":{"start":{"line":17,"column":21},"end":{"line":17,"column":24}},"4":{"start":{"line":18,"column":12},"end":{"line":24,"column":null}},"5":{"start":{"line":18,"column":25},"end":{"line":18,"column":28}},"6":{"start":{"line":19,"column":37},"end":{"line":19,"column":null}},"7":{"start":{"line":20,"column":16},"end":{"line":22,"column":null}},"8":{"start":{"line":21,"column":20},"end":{"line":21,"column":null}},"9":{"start":{"line":23,"column":16},"end":{"line":23,"column":null}},"10":{"start":{"line":26,"column":8},"end":{"line":26,"column":null}},"11":{"start":{"line":27,"column":8},"end":{"line":27,"column":null}}},"fnMap":{"0":{"name":"(anonymous_0)","decl":{"start":{"line":11,"column":4},"end":{"line":11,"column":16}},"loc":{"start":{"line":11,"column":65},"end":{"line":14,"column":null}}},"1":{"name":"(anonymous_1)","decl":{"start":{"line":16,"column":4},"end":{"line":16,"column":10}},"loc":{"start":{"line":16,"column":39},"end":{"line":28,"column":null}}}},"branchMap":{},"s":{"0":11,"1":11,"2":4,"3":4,"4":12,"5":12,"6":24,"7":24,"8":3,"9":24,"10":4,"11":4},"f":{"0":11,"1":4},"b":{}}
,"D:/Apps/Viktor/matrix_szorzo_v2/src/states/userMatrixADimensionsInput.state.ts": {"path":"D:/Apps/Viktor/matrix_szorzo_v2/src/states/userMatrixADimensionsInput.state.ts","statementMap":{"0":{"start":{"line":7,"column":19},"end":{"line":7,"column":null}},"1":{"start":{"line":8,"column":17},"end":{"line":8,"column":null}},"2":{"start":{"line":9,"column":17},"end":{"line":9,"column":null}},"3":{"start":{"line":16,"column":8},"end":{"line":16,"column":null}},"4":{"start":{"line":17,"column":8},"end":{"line":17,"column":null}},"5":{"start":{"line":21,"column":8},"end":{"line":21,"column":null}},"6":{"start":{"line":22,"column":24},"end":{"line":22,"column":null}},"7":{"start":{"line":23,"column":8},"end":{"line":25,"column":null}},"8":{"start":{"line":24,"column":12},"end":{"line":24,"column":null}},"9":{"start":{"line":26,"column":8},"end":{"line":26,"column":null}},"10":{"start":{"line":27,"column":8},"end":{"line":27,"column":null}},"11":{"start":{"line":28,"column":8},"end":{"line":28,"column":null}},"12":{"start":{"line":30,"column":24},"end":{"line":30,"column":null}},"13":{"start":{"line":31,"column":8},"end":{"line":33,"column":null}},"14":{"start":{"line":32,"column":12},"end":{"line":32,"column":null}},"15":{"start":{"line":34,"column":8},"end":{"line":34,"column":null}},"16":{"start":{"line":35,"column":8},"end":{"line":35,"column":null}},"17":{"start":{"line":37,"column":8},"end":{"line":37,"column":null}}},"fnMap":{"0":{"name":"(anonymous_0)","decl":{"start":{"line":15,"column":4},"end":{"line":15,"column":16}},"loc":{"start":{"line":15,"column":66},"end":{"line":18,"column":null}}},"1":{"name":"(anonymous_1)","decl":{"start":{"line":20,"column":4},"end":{"line":20,"column":10}},"loc":{"start":{"line":20,"column":39},"end":{"line":38,"column":null}}}},"branchMap":{},"s":{"0":9,"1":9,"2":9,"3":9,"4":9,"5":5,"6":5,"7":5,"8":4,"9":5,"10":5,"11":5,"12":5,"13":5,"14":4,"15":5,"16":5,"17":5},"f":{"0":9,"1":5},"b":{}}
,"D:/Apps/Viktor/matrix_szorzo_v2/src/states/userMatrixBDataInput.state.ts": {"path":"D:/Apps/Viktor/matrix_szorzo_v2/src/states/userMatrixBDataInput.state.ts","statementMap":{"0":{"start":{"line":12,"column":8},"end":{"line":12,"column":null}},"1":{"start":{"line":13,"column":8},"end":{"line":13,"column":null}},"2":{"start":{"line":17,"column":8},"end":{"line":25,"column":null}},"3":{"start":{"line":17,"column":21},"end":{"line":17,"column":24}},"4":{"start":{"line":18,"column":12},"end":{"line":24,"column":null}},"5":{"start":{"line":18,"column":25},"end":{"line":18,"column":28}},"6":{"start":{"line":19,"column":37},"end":{"line":19,"column":null}},"7":{"start":{"line":20,"column":16},"end":{"line":22,"column":null}},"8":{"start":{"line":21,"column":20},"end":{"line":21,"column":null}},"9":{"start":{"line":23,"column":16},"end":{"line":23,"column":null}},"10":{"start":{"line":26,"column":8},"end":{"line":26,"column":null}},"11":{"start":{"line":27,"column":8},"end":{"line":27,"column":null}}},"fnMap":{"0":{"name":"(anonymous_0)","decl":{"start":{"line":11,"column":4},"end":{"line":11,"column":16}},"loc":{"start":{"line":11,"column":65},"end":{"line":14,"column":null}}},"1":{"name":"(anonymous_1)","decl":{"start":{"line":16,"column":4},"end":{"line":16,"column":10}},"loc":{"start":{"line":16,"column":39},"end":{"line":28,"column":null}}}},"branchMap":{},"s":{"0":12,"1":12,"2":4,"3":4,"4":12,"5":12,"6":24,"7":24,"8":2,"9":24,"10":4,"11":4},"f":{"0":12,"1":4},"b":{}}
,"D:/Apps/Viktor/matrix_szorzo_v2/src/states/userMatrixBDimensionsInput.state.ts": {"path":"D:/Apps/Viktor/matrix_szorzo_v2/src/states/userMatrixBDimensionsInput.state.ts","statementMap":{"0":{"start":{"line":7,"column":19},"end":{"line":7,"column":null}},"1":{"start":{"line":8,"column":17},"end":{"line":8,"column":null}},"2":{"start":{"line":9,"column":17},"end":{"line":9,"column":null}},"3":{"start":{"line":10,"column":24},"end":{"line":10,"column":null}},"4":{"start":{"line":17,"column":8},"end":{"line":17,"column":null}},"5":{"start":{"line":18,"column":8},"end":{"line":18,"column":null}},"6":{"start":{"line":22,"column":8},"end":{"line":22,"column":null}},"7":{"start":{"line":24,"column":24},"end":{"line":24,"column":null}},"8":{"start":{"line":25,"column":8},"end":{"line":27,"column":null}},"9":{"start":{"line":26,"column":12},"end":{"line":26,"column":null}},"10":{"start":{"line":29,"column":28},"end":{"line":29,"column":null}},"11":{"start":{"line":30,"column":8},"end":{"line":33,"column":null}},"12":{"start":{"line":31,"column":12},"end":{"line":31,"column":null}},"13":{"start":{"line":32,"column":12},"end":{"line":32,"column":null}},"14":{"start":{"line":35,"column":8},"end":{"line":35,"column":null}},"15":{"start":{"line":36,"column":8},"end":{"line":36,"column":null}},"16":{"start":{"line":38,"column":8},"end":{"line":38,"column":null}},"17":{"start":{"line":40,"column":24},"end":{"line":40,"column":null}},"18":{"start":{"line":41,"column":8},"end":{"line":43,"column":null}},"19":{"start":{"line":42,"column":12},"end":{"line":42,"column":null}},"20":{"start":{"line":44,"column":8},"end":{"line":44,"column":null}},"21":{"start":{"line":46,"column":8},"end":{"line":46,"column":null}},"22":{"start":{"line":48,"column":8},"end":{"line":48,"column":null}}},"fnMap":{"0":{"name":"(anonymous_0)","decl":{"start":{"line":16,"column":4},"end":{"line":16,"column":16}},"loc":{"start":{"line":16,"column":66},"end":{"line":19,"column":null}}},"1":{"name":"(anonymous_1)","decl":{"start":{"line":21,"column":4},"end":{"line":21,"column":10}},"loc":{"start":{"line":21,"column":39},"end":{"line":49,"column":null}}}},"branchMap":{},"s":{"0":9,"1":9,"2":9,"3":9,"4":12,"5":12,"6":6,"7":6,"8":6,"9":4,"10":6,"11":6,"12":1,"13":1,"14":6,"15":6,"16":6,"17":6,"18":6,"19":4,"20":6,"21":6,"22":6},"f":{"0":12,"1":6},"b":{}}
}
